This is pdfTeX, Version 3.1415926-1.40.10 (TeX Live 2009/Debian) (format=pdflatex 2012.11.29)  13 AUG 2013 17:20
entering extended mode
 %&-line parsing enabled.
**developer_doc.tex
(./developer_doc.tex
LaTeX2e <2009/09/24>
Babel <v3.8l> and hyphenation patterns for english, usenglishmax, dumylang, noh
yphenation, loaded.
(/usr/share/texmf-texlive/tex/latex/base/article.cls
Document Class: article 2007/10/19 v1.4h Standard LaTeX document class
(/usr/share/texmf-texlive/tex/latex/base/size10.clo
File: size10.clo 2007/10/19 v1.4h Standard LaTeX file (size option)
)
\c@part=\count79
\c@section=\count80
\c@subsection=\count81
\c@subsubsection=\count82
\c@paragraph=\count83
\c@subparagraph=\count84
\c@figure=\count85
\c@table=\count86
\abovecaptionskip=\skip41
\belowcaptionskip=\skip42
\bibindent=\dimen102
)
(/usr/share/texmf-texlive/tex/latex/graphics/graphicx.sty
Package: graphicx 1999/02/16 v1.0f Enhanced LaTeX Graphics (DPC,SPQR)

(/usr/share/texmf-texlive/tex/latex/graphics/keyval.sty
Package: keyval 1999/03/16 v1.13 key=value parser (DPC)
\KV@toks@=\toks14
)
(/usr/share/texmf-texlive/tex/latex/graphics/graphics.sty
Package: graphics 2009/02/05 v1.0o Standard LaTeX Graphics (DPC,SPQR)

(/usr/share/texmf-texlive/tex/latex/graphics/trig.sty
Package: trig 1999/03/16 v1.09 sin cos tan (DPC)
)
(/etc/texmf/tex/latex/config/graphics.cfg
File: graphics.cfg 2009/08/28 v1.8 graphics configuration of TeX Live
)
Package graphics Info: Driver file: pdftex.def on input line 91.

(/usr/share/texmf-texlive/tex/latex/pdftex-def/pdftex.def
File: pdftex.def 2010/03/12 v0.04p Graphics/color for pdfTeX
\Gread@gobject=\count87
))
\Gin@req@height=\dimen103
\Gin@req@width=\dimen104
)
(./developer_doc.aux)
\openout1 = `developer_doc.aux'.

LaTeX Font Info:    Checking defaults for OML/cmm/m/it on input line 31.
LaTeX Font Info:    ... okay on input line 31.
LaTeX Font Info:    Checking defaults for T1/cmr/m/n on input line 31.
LaTeX Font Info:    ... okay on input line 31.
LaTeX Font Info:    Checking defaults for OT1/cmr/m/n on input line 31.
LaTeX Font Info:    ... okay on input line 31.
LaTeX Font Info:    Checking defaults for OMS/cmsy/m/n on input line 31.
LaTeX Font Info:    ... okay on input line 31.
LaTeX Font Info:    Checking defaults for OMX/cmex/m/n on input line 31.
LaTeX Font Info:    ... okay on input line 31.
LaTeX Font Info:    Checking defaults for U/cmr/m/n on input line 31.
LaTeX Font Info:    ... okay on input line 31.
 (/usr/share/texmf-texlive/tex/context/base/supp-pdf.mkii
[Loading MPS to PDF converter (version 2006.09.02).]
\scratchcounter=\count88
\scratchdimen=\dimen105
\scratchbox=\box26
\nofMPsegments=\count89
\nofMParguments=\count90
\everyMPshowfont=\toks15
\MPscratchCnt=\count91
\MPscratchDim=\dimen106
\MPnumerator=\count92
\everyMPtoPDFconversion=\toks16
)
LaTeX Font Info:    External font `cmex10' loaded for size
(Font)              <12> on input line 33.
LaTeX Font Info:    External font `cmex10' loaded for size
(Font)              <8> on input line 33.
LaTeX Font Info:    External font `cmex10' loaded for size
(Font)              <6> on input line 33.

Underfull \hbox (badness 10000) in paragraph at lines 41--43

 []


Underfull \hbox (badness 10000) in paragraph at lines 44--50

 []

[1

{/var/lib/texmf/fonts/map/pdftex/updmap/pdftex.map}]
LaTeX Font Info:    Try loading font information for OMS+cmr on input line 55.

(/usr/share/texmf-texlive/tex/latex/base/omscmr.fd
File: omscmr.fd 1999/05/25 v2.5h Standard LaTeX font definitions
)
LaTeX Font Info:    Font shape `OMS/cmr/m/n' in size <10> not available
(Font)              Font shape `OMS/cmsy/m/n' tried instead on input line 55.

<Ressources/Interface_Structure.png, id=10, 949.5475pt x 490.83376pt>
File: Ressources/Interface_Structure.png Graphic file (type png)

<use Ressources/Interface_Structure.png>
Underfull \hbox (badness 10000) in paragraph at lines 71--72

 []

[2 <./Ressources/Interface_Structure.png (PNG copy)>]
Underfull \hbox (badness 10000) in paragraph at lines 78--79

 []

[3]
Overfull \hbox (116.99597pt too wide) in paragraph at lines 110--110
[]    \OT1/cmtt/m/n/10 # We convert the address of the variables into long in o
rder to extract the pointers[] 
 []


Underfull \hbox (badness 10000) in paragraph at lines 125--126

 []

[4] [5]
Overfull \hbox (111.74602pt too wide) in paragraph at lines 176--176
[]    \OT1/cmtt/m/n/10 (*state_)[Name("pyobject")]->call_status_method(std::str
ing("setStatus"), &state_);[] 
 []


Overfull \hbox (27.74675pt too wide) in paragraph at lines 185--185
[]    \OT1/cmtt/m/n/10 (*state_)[Name("pyobject")]->call_method(std::string("ca
librate"));[] 
 []

Missing character: There is no Ã in font cmr10!
Missing character: There is no ¯ in font cmr10!

Underfull \hbox (badness 10000) in paragraph at lines 189--192

 []


Overfull \hbox (1.49698pt too wide) in paragraph at lines 206--206
[]\OT1/cmtt/m/n/10 IntegerDatum* sI = (IntegerDatum*)(*state_)[names::spike].da
tum();[] 
 []

[6]
Overfull \hbox (22.4968pt too wide) in paragraph at lines 206--206
[]\OT1/cmtt/m/n/10 cythonStdVars(get_name(), neuronID, sI->get_p_val(), isD->ge
t_p_val(),[] 
 []


Overfull \hbox (85.49625pt too wide) in paragraph at lines 236--236
[]    \OT1/cmtt/m/n/10 Time createTime(int inputType, long longInputValue, doub
le doubleInputValue) {[] 
 []


Overfull \hbox (74.99634pt too wide) in paragraph at lines 236--236
[]    \OT1/cmtt/m/n/10 double get_ms(int inputType, long longInputValue, double
 doubleInputValue) {[] 
 []


Overfull \hbox (38.24666pt too wide) in paragraph at lines 236--236
[]    \OT1/cmtt/m/n/10 unsigned int get_scheduler_value(int outputValue, unsign
ed int arg) {[] 
 []

[7]
Underfull \hbox (badness 10000) in paragraph at lines 260--264

 []


Overfull \hbox (5.9221pt too wide) in paragraph at lines 260--264
\OT1/cmr/m/n/10 The next step is to in-ter-face with Cython and this is done in
 the \OT1/cmr/m/it/10 cynest/classes.pyx
 []

[8]
Underfull \hbox (badness 10000) in paragraph at lines 308--310

 []

[9]
Underfull \hbox (badness 10000) in paragraph at lines 324--330

 []


Underfull \hbox (badness 10000) in paragraph at lines 324--330

 []

[10] [11] (./developer_doc.aux) ) 
Here is how much of TeX's memory you used:
 941 strings out of 495061
 11888 string characters out of 1182620
 63580 words of memory out of 3000000
 4158 multiletter control sequences out of 15000+50000
 8710 words of font info for 31 fonts, out of 3000000 for 9000
 28 hyphenation exceptions out of 8191
 25i,6n,19p,549b,245s stack positions out of 5000i,500n,10000p,200000b,50000s
</usr/share/texmf-texlive/fonts/type1/public/a
msfonts/cm/cmbx10.pfb></usr/share/texmf-texlive/fonts/type1/public/amsfonts/cm/
cmbx12.pfb></usr/share/texmf-texlive/fonts/type1/public/amsfonts/cm/cmcsc10.pfb
></usr/share/texmf-texlive/fonts/type1/public/amsfonts/cm/cmr10.pfb></usr/share
/texmf-texlive/fonts/type1/public/amsfonts/cm/cmr12.pfb></usr/share/texmf-texli
ve/fonts/type1/public/amsfonts/cm/cmr17.pfb></usr/share/texmf-texlive/fonts/typ
e1/public/amsfonts/cm/cmsy10.pfb></usr/share/texmf-texlive/fonts/type1/public/a
msfonts/cm/cmti10.pfb></usr/share/texmf-texlive/fonts/type1/public/amsfonts/cm/
cmtt10.pfb>
Output written on developer_doc.pdf (11 pages, 197012 bytes).
PDF statistics:
 75 PDF objects out of 1000 (max. 8388607)
 0 named destinations out of 1000 (max. 500000)
 6 words of extra memory for PDF output out of 10000 (max. 10000000)

