This is pdfTeX, Version 3.1415926-1.40.10 (TeX Live 2009/Debian) (format=pdflatex 2012.11.29)  2 SEP 2013 15:31
entering extended mode
 %&-line parsing enabled.
**howto_doc.tex
(./howto_doc.tex
LaTeX2e <2009/09/24>
Babel <v3.8l> and hyphenation patterns for english, usenglishmax, dumylang, noh
yphenation, loaded.
(/usr/share/texmf-texlive/tex/latex/base/article.cls
Document Class: article 2007/10/19 v1.4h Standard LaTeX document class
(/usr/share/texmf-texlive/tex/latex/base/size10.clo
File: size10.clo 2007/10/19 v1.4h Standard LaTeX file (size option)
)
\c@part=\count79
\c@section=\count80
\c@subsection=\count81
\c@subsubsection=\count82
\c@paragraph=\count83
\c@subparagraph=\count84
\c@figure=\count85
\c@table=\count86
\abovecaptionskip=\skip41
\belowcaptionskip=\skip42
\bibindent=\dimen102
)
(/usr/share/texmf-texlive/tex/latex/graphics/graphicx.sty
Package: graphicx 1999/02/16 v1.0f Enhanced LaTeX Graphics (DPC,SPQR)

(/usr/share/texmf-texlive/tex/latex/graphics/keyval.sty
Package: keyval 1999/03/16 v1.13 key=value parser (DPC)
\KV@toks@=\toks14
)
(/usr/share/texmf-texlive/tex/latex/graphics/graphics.sty
Package: graphics 2009/02/05 v1.0o Standard LaTeX Graphics (DPC,SPQR)

(/usr/share/texmf-texlive/tex/latex/graphics/trig.sty
Package: trig 1999/03/16 v1.09 sin cos tan (DPC)
)
(/etc/texmf/tex/latex/config/graphics.cfg
File: graphics.cfg 2009/08/28 v1.8 graphics configuration of TeX Live
)
Package graphics Info: Driver file: pdftex.def on input line 91.

(/usr/share/texmf-texlive/tex/latex/pdftex-def/pdftex.def
File: pdftex.def 2010/03/12 v0.04p Graphics/color for pdfTeX
\Gread@gobject=\count87
))
\Gin@req@height=\dimen103
\Gin@req@width=\dimen104
) (./howto_doc.aux)
\openout1 = `howto_doc.aux'.

LaTeX Font Info:    Checking defaults for OML/cmm/m/it on input line 31.
LaTeX Font Info:    ... okay on input line 31.
LaTeX Font Info:    Checking defaults for T1/cmr/m/n on input line 31.
LaTeX Font Info:    ... okay on input line 31.
LaTeX Font Info:    Checking defaults for OT1/cmr/m/n on input line 31.
LaTeX Font Info:    ... okay on input line 31.
LaTeX Font Info:    Checking defaults for OMS/cmsy/m/n on input line 31.
LaTeX Font Info:    ... okay on input line 31.
LaTeX Font Info:    Checking defaults for OMX/cmex/m/n on input line 31.
LaTeX Font Info:    ... okay on input line 31.
LaTeX Font Info:    Checking defaults for U/cmr/m/n on input line 31.
LaTeX Font Info:    ... okay on input line 31.

(/usr/share/texmf-texlive/tex/context/base/supp-pdf.mkii
[Loading MPS to PDF converter (version 2006.09.02).]
\scratchcounter=\count88
\scratchdimen=\dimen105
\scratchbox=\box26
\nofMPsegments=\count89
\nofMParguments=\count90
\everyMPshowfont=\toks15
\MPscratchCnt=\count91
\MPscratchDim=\dimen106
\MPnumerator=\count92
\everyMPtoPDFconversion=\toks16
)
LaTeX Font Info:    External font `cmex10' loaded for size
(Font)              <12> on input line 33.
LaTeX Font Info:    External font `cmex10' loaded for size
(Font)              <8> on input line 33.
LaTeX Font Info:    External font `cmex10' loaded for size
(Font)              <6> on input line 33.
LaTeX Font Info:    Try loading font information for OMS+cmr on input line 47.
 (/usr/share/texmf-texlive/tex/latex/base/omscmr.fd
File: omscmr.fd 1999/05/25 v2.5h Standard LaTeX font definitions
)
LaTeX Font Info:    Font shape `OMS/cmr/m/n' in size <10> not available
(Font)              Font shape `OMS/cmsy/m/n' tried instead on input line 47.

Underfull \hbox (badness 10000) in paragraph at lines 52--53

 []


Underfull \hbox (badness 10000) in paragraph at lines 57--61

 []


Underfull \hbox (badness 10000) in paragraph at lines 57--61

 []

[1

{/var/lib/texmf/fonts/map/pdftex/updmap/pdftex.map}]
Underfull \hbox (badness 10000) in paragraph at lines 62--64

 []


Underfull \hbox (badness 10000) in paragraph at lines 62--64

 []


Overfull \hbox (38.89581pt too wide) in paragraph at lines 78--79
[]\OT1/cmr/m/n/10 Providing a func-tion for model reg-is-tra-tion (in NEST is \
OT1/cmr/m/it/10 cynest.RegisterNeuron(...)\OT1/cmr/m/n/10 ). 
 []


Overfull \hbox (8.60617pt too wide) in paragraph at lines 85--85
[]\OT1/cmr/bx/n/14.4 Proof of Con-cept by Ex-am-ple : CyNEST Struc-
 []

<Ressources/CyNEST_Structure.png, id=11, 964.60374pt x 422.57875pt>
File: Ressources/CyNEST_Structure.png Graphic file (type png)

<use Ressources/CyNEST_Structure.png> [2] [3 <./Ressources/CyNEST_Structure.png
 (PNG copy)>]
Overfull \hbox (43.43694pt too wide) in paragraph at lines 131--134
\OT1/cmr/m/n/10 which is con-tained in a spe-cial file lo-cated at \OT1/cmr/m/i
t/10 [NEST in-stal-la-tion path]/include/Neuron.pyx\OT1/cmr/m/n/10 .
 []


Underfull \hbox (badness 10000) in paragraph at lines 137--141

 []

[4]
Overfull \hbox (116.99597pt too wide) in paragraph at lines 150--150
[]\OT1/cmtt/m/n/10 in_spikes = PyInt_AsLong(PyObject_CallMethod(this->pyObj, "g
etIn_SpikesPointer", NULL));[] 
 []


Underfull \hbox (badness 10000) in paragraph at lines 151--152

 []


Underfull \hbox (badness 10000) in paragraph at lines 151--152

 []


Overfull \hbox (6.74693pt too wide) in paragraph at lines 168--168
[]    \OT1/cmtt/m/n/10 if(std::string("update").compare(tp_methods[i].ml_name) 
== 0) {[] 
 []


Overfull \hbox (2.9483pt too wide) in paragraph at lines 169--171
\OT1/cmr/m/n/10 The list of the dif-fer-ent meth-ods is con-tained in the \OT1/
cmr/m/it/10 Py-Ob-ject::ob[]type::tp[]methods
 []

[5]
Underfull \hbox (badness 10000) in paragraph at lines 201--202

 []


Underfull \hbox (badness 10000) in paragraph at lines 201--202

 []

[6] [7] (./howto_doc.aux) ) 
Here is how much of TeX's memory you used:
 939 strings out of 495061
 11806 string characters out of 1182620
 63596 words of memory out of 3000000
 4156 multiletter control sequences out of 15000+50000
 8403 words of font info for 30 fonts, out of 3000000 for 9000
 28 hyphenation exceptions out of 8191
 25i,6n,19p,448b,245s stack positions out of 5000i,500n,10000p,200000b,50000s
</usr/share/texmf-texlive/fonts/type1/public/amsfont
s/cm/cmbx10.pfb></usr/share/texmf-texlive/fonts/type1/public/amsfonts/cm/cmbx12
.pfb></usr/share/texmf-texlive/fonts/type1/public/amsfonts/cm/cmcsc10.pfb></usr
/share/texmf-texlive/fonts/type1/public/amsfonts/cm/cmr10.pfb></usr/share/texmf
-texlive/fonts/type1/public/amsfonts/cm/cmr12.pfb></usr/share/texmf-texlive/fon
ts/type1/public/amsfonts/cm/cmr17.pfb></usr/share/texmf-texlive/fonts/type1/pub
lic/amsfonts/cm/cmsy10.pfb></usr/share/texmf-texlive/fonts/type1/public/amsfont
s/cm/cmti10.pfb></usr/share/texmf-texlive/fonts/type1/public/amsfonts/cm/cmtt10
.pfb>
Output written on howto_doc.pdf (7 pages, 171293 bytes).
PDF statistics:
 63 PDF objects out of 1000 (max. 8388607)
 0 named destinations out of 1000 (max. 500000)
 6 words of extra memory for PDF output out of 10000 (max. 10000000)

